2023-07-20 17:10:16.139  INFO 856 --- [restartedMain] c.ssafy.catchpalm.CatchpalmApplication   : Starting CatchpalmApplication using Java 1.8.0_372 on DESKTOP-BLHP263 with PID 856 (C:\ssafy\workspace\Common_Project_2\catchpalm\back-end\build\classes\java\main started by SSAFY in C:\ssafy\workspace\Common_Project_2\catchpalm\back-end)
2023-07-20 17:10:16.142  INFO 856 --- [restartedMain] c.ssafy.catchpalm.CatchpalmApplication   : No active profile set, falling back to default profiles: default
2023-07-20 17:10:16.193  INFO 856 --- [restartedMain] .e.DevToolsPropertyDefaultsPostProcessor : Devtools property defaults active! Set 'spring.devtools.add-properties' to 'false' to disable
2023-07-20 17:10:16.201  INFO 856 --- [restartedMain] .e.DevToolsPropertyDefaultsPostProcessor : For additional web related logging consider setting the 'logging.level.web' property to 'DEBUG'
2023-07-20 17:10:17.702  INFO 856 --- [restartedMain] .s.d.r.c.RepositoryConfigurationDelegate : Bootstrapping Spring Data JPA repositories in DEFAULT mode.
2023-07-20 17:10:17.783  INFO 856 --- [restartedMain] .s.d.r.c.RepositoryConfigurationDelegate : Finished Spring Data repository scanning in 72 ms. Found 1 JPA repository interfaces.
2023-07-20 17:10:18.282  INFO 856 --- [restartedMain] trationDelegate$BeanPostProcessorChecker : Bean 'org.springframework.security.access.expression.method.DefaultMethodSecurityExpressionHandler@4a7cd13f' of type [org.springframework.security.access.expression.method.DefaultMethodSecurityExpressionHandler] is not eligible for getting processed by all BeanPostProcessors (for example: not eligible for auto-proxying)
2023-07-20 17:10:18.287  INFO 856 --- [restartedMain] trationDelegate$BeanPostProcessorChecker : Bean 'methodSecurityMetadataSource' of type [org.springframework.security.access.method.DelegatingMethodSecurityMetadataSource] is not eligible for getting processed by all BeanPostProcessors (for example: not eligible for auto-proxying)
2023-07-20 17:10:19.126  INFO 856 --- [restartedMain] o.s.b.w.embedded.tomcat.TomcatWebServer  : Tomcat initialized with port(s): 8080 (http)
2023-07-20 17:10:19.139  INFO 856 --- [restartedMain] o.apache.catalina.core.StandardService   : Starting service [Tomcat]
2023-07-20 17:10:19.140  INFO 856 --- [restartedMain] org.apache.catalina.core.StandardEngine  : Starting Servlet engine: [Apache Tomcat/9.0.45]
2023-07-20 17:10:19.331  INFO 856 --- [restartedMain] o.a.c.c.C.[Tomcat].[localhost].[/]       : Initializing Spring embedded WebApplicationContext
2023-07-20 17:10:19.332  INFO 856 --- [restartedMain] w.s.c.ServletWebServerApplicationContext : Root WebApplicationContext: initialization completed in 3130 ms
2023-07-20 17:10:19.582 DEBUG 856 --- [restartedMain] o.s.web.filter.CharacterEncodingFilter   : Filter 'characterEncodingFilter' configured for use
2023-07-20 17:10:19.583 DEBUG 856 --- [restartedMain] o.s.w.f.CommonsRequestLoggingFilter      : Filter 'commonsRequestLoggingFilter' configured for use
2023-07-20 17:10:19.786  INFO 856 --- [restartedMain] o.hibernate.jpa.internal.util.LogHelper  : HHH000204: Processing PersistenceUnitInfo [name: default]
2023-07-20 17:10:19.856  INFO 856 --- [restartedMain] org.hibernate.Version                    : HHH000412: Hibernate ORM core version 5.4.30.Final
2023-07-20 17:10:20.044  INFO 856 --- [restartedMain] o.hibernate.annotations.common.Version   : HCANN000001: Hibernate Commons Annotations {5.1.2.Final}
2023-07-20 17:10:20.211  INFO 856 --- [restartedMain] com.zaxxer.hikari.HikariDataSource       : HikariPool-1 - Starting...
2023-07-20 17:10:20.590  INFO 856 --- [restartedMain] com.zaxxer.hikari.HikariDataSource       : HikariPool-1 - Start completed.
2023-07-20 17:10:20.621  INFO 856 --- [restartedMain] org.hibernate.dialect.Dialect            : HHH000400: Using dialect: org.hibernate.dialect.MySQL57Dialect
2023-07-20 17:10:21.787  INFO 856 --- [restartedMain] o.h.e.t.j.p.i.JtaPlatformInitiator       : HHH000490: Using JtaPlatform implementation: [org.hibernate.engine.transaction.jta.platform.internal.NoJtaPlatform]
2023-07-20 17:10:21.799  INFO 856 --- [restartedMain] j.LocalContainerEntityManagerFactoryBean : Initialized JPA EntityManagerFactory for persistence unit 'default'
2023-07-20 17:10:21.817  INFO 856 --- [restartedMain] o.s.b.d.a.OptionalLiveReloadServer       : LiveReload server is running on port 35729
2023-07-20 17:10:22.574  WARN 856 --- [restartedMain] JpaBaseConfiguration$JpaWebConfiguration : spring.jpa.open-in-view is enabled by default. Therefore, database queries may be performed during view rendering. Explicitly configure spring.jpa.open-in-view to disable this warning
2023-07-20 17:10:22.969 DEBUG 856 --- [restartedMain] s.w.s.m.m.a.RequestMappingHandlerMapping : 11 mappings in 'requestMappingHandlerMapping'
2023-07-20 17:10:23.074  INFO 856 --- [restartedMain] o.s.b.a.e.web.EndpointLinksResolver      : Exposing 2 endpoint(s) beneath base path '/actuator'
2023-07-20 17:10:23.390  INFO 856 --- [restartedMain] o.s.s.web.DefaultSecurityFilterChain     : Will secure any request with [org.springframework.security.web.context.request.async.WebAsyncManagerIntegrationFilter@5ca114e7, org.springframework.security.web.context.SecurityContextPersistenceFilter@22696f2d, org.springframework.security.web.header.HeaderWriterFilter@3bbc0b73, org.springframework.web.filter.CorsFilter@1d2a914, org.springframework.security.web.authentication.logout.LogoutFilter@82ffd68, com.ssafy.catchpalm.common.auth.JwtAuthenticationFilter@69582383, org.springframework.security.web.savedrequest.RequestCacheAwareFilter@6b2ea8ac, org.springframework.security.web.servletapi.SecurityContextHolderAwareRequestFilter@736dfa3d, org.springframework.security.web.authentication.AnonymousAuthenticationFilter@330c8ce8, org.springframework.security.web.session.SessionManagementFilter@13238b1e, org.springframework.security.web.access.ExceptionTranslationFilter@2664f246, org.springframework.security.web.access.intercept.FilterSecurityInterceptor@7c41b007]
2023-07-20 17:10:23.497  INFO 856 --- [restartedMain] o.s.s.concurrent.ThreadPoolTaskExecutor  : Initializing ExecutorService 'applicationTaskExecutor'
2023-07-20 17:10:23.513 DEBUG 856 --- [restartedMain] s.w.s.m.m.a.RequestMappingHandlerAdapter : ControllerAdvice beans: 0 @ModelAttribute, 0 @InitBinder, 1 RequestBodyAdvice, 1 ResponseBodyAdvice
2023-07-20 17:10:23.557  INFO 856 --- [restartedMain] o.s.b.a.w.s.WelcomePageHandlerMapping    : Adding welcome page: class path resource [dist/index.html]
2023-07-20 17:10:23.574 DEBUG 856 --- [restartedMain] o.s.w.s.handler.SimpleUrlHandlerMapping  : Patterns [/swagger-ui/] in 'viewControllerHandlerMapping'
2023-07-20 17:10:23.587 DEBUG 856 --- [restartedMain] o.s.w.s.c.annotation.WebMvcConfigurer    : Default resource handling disabled
2023-07-20 17:10:23.952 DEBUG 856 --- [restartedMain] o.s.w.s.handler.SimpleUrlHandlerMapping  : Patterns [/resources/**, /swagger-ui.html, /webjars/**, /css/**, /fonts/**, /icons/**, /img/**, /js/**, /swagger-ui/**] in 'resourceHandlerMapping'
2023-07-20 17:10:23.964 DEBUG 856 --- [restartedMain] .m.m.a.ExceptionHandlerExceptionResolver : ControllerAdvice beans: 1 @ExceptionHandler, 1 ResponseBodyAdvice
2023-07-20 17:10:24.248  INFO 856 --- [restartedMain] o.s.b.w.embedded.tomcat.TomcatWebServer  : Tomcat started on port(s): 8080 (http) with context path ''
2023-07-20 17:10:24.493  INFO 856 --- [restartedMain] c.ssafy.catchpalm.CatchpalmApplication   : Started CatchpalmApplication in 8.895 seconds (JVM running for 9.777)
2023-07-20 17:11:38.974  INFO 856 --- [http-nio-127.0.0.1-8080-exec-1] o.a.c.c.C.[Tomcat].[localhost].[/]       : Initializing Spring DispatcherServlet 'dispatcherServlet'
2023-07-20 17:11:38.975  INFO 856 --- [http-nio-127.0.0.1-8080-exec-1] o.s.web.servlet.DispatcherServlet        : Initializing Servlet 'dispatcherServlet'
2023-07-20 17:11:38.975 DEBUG 856 --- [http-nio-127.0.0.1-8080-exec-1] o.s.web.servlet.DispatcherServlet        : Detected StandardServletMultipartResolver
2023-07-20 17:11:38.975 DEBUG 856 --- [http-nio-127.0.0.1-8080-exec-1] o.s.web.servlet.DispatcherServlet        : Detected AcceptHeaderLocaleResolver
2023-07-20 17:11:38.975 DEBUG 856 --- [http-nio-127.0.0.1-8080-exec-1] o.s.web.servlet.DispatcherServlet        : Detected FixedThemeResolver
2023-07-20 17:11:38.976 DEBUG 856 --- [http-nio-127.0.0.1-8080-exec-1] o.s.web.servlet.DispatcherServlet        : Detected org.springframework.web.servlet.view.DefaultRequestToViewNameTranslator@70dc9277
2023-07-20 17:11:38.977 DEBUG 856 --- [http-nio-127.0.0.1-8080-exec-1] o.s.web.servlet.DispatcherServlet        : Detected org.springframework.web.servlet.support.SessionFlashMapManager@70d8573c
2023-07-20 17:11:38.977 DEBUG 856 --- [http-nio-127.0.0.1-8080-exec-1] o.s.web.servlet.DispatcherServlet        : enableLoggingRequestDetails='false': request parameters and headers will be masked to prevent unsafe logging of potentially sensitive data
2023-07-20 17:11:38.977  INFO 856 --- [http-nio-127.0.0.1-8080-exec-1] o.s.web.servlet.DispatcherServlet        : Completed initialization in 2 ms
2023-07-20 17:11:39.023 DEBUG 856 --- [http-nio-127.0.0.1-8080-exec-1] o.s.w.f.CommonsRequestLoggingFilter      : Before request [POST /api/v1/users, client=127.0.0.1, headers=[host:"localhost:8080", user-agent:"insomnia/2023.4.0", accept:"*/*", content-length:"97", Content-Type:"application/json;charset=ISO-8859-1"]]
2023-07-20 17:11:39.026 DEBUG 856 --- [http-nio-127.0.0.1-8080-exec-1] o.s.web.servlet.DispatcherServlet        : POST "/api/v1/users", parameters={}
2023-07-20 17:11:39.030 DEBUG 856 --- [http-nio-127.0.0.1-8080-exec-1] s.w.s.m.m.a.RequestMappingHandlerMapping : Mapped to com.ssafy.catchpalm.api.controller.UserController#register(UserRegisterPostReq)
2023-07-20 17:11:39.092 DEBUG 856 --- [http-nio-127.0.0.1-8080-exec-1] m.m.a.RequestResponseBodyMethodProcessor : Read "application/json;charset=UTF-8" to [com.ssafy.catchpalm.api.request.UserRegisterPostReq@337df209]
2023-07-20 17:11:39.396  WARN 856 --- [http-nio-127.0.0.1-8080-exec-1] o.h.engine.jdbc.spi.SqlExceptionHelper   : SQL Error: 1062, SQLState: 23000
2023-07-20 17:11:39.396 ERROR 856 --- [http-nio-127.0.0.1-8080-exec-1] o.h.engine.jdbc.spi.SqlExceptionHelper   : Duplicate entry 'sumin' for key 'user.UK_d2ia11oqhsynodbsi46m80vfc'
2023-07-20 17:11:39.406 DEBUG 856 --- [http-nio-127.0.0.1-8080-exec-1] o.s.web.servlet.DispatcherServlet        : Failed to complete request: org.springframework.dao.DataIntegrityViolationException: could not execute statement; SQL [n/a]; constraint [user.UK_d2ia11oqhsynodbsi46m80vfc]; nested exception is org.hibernate.exception.ConstraintViolationException: could not execute statement
2023-07-20 17:11:39.406 DEBUG 856 --- [http-nio-127.0.0.1-8080-exec-1] o.s.w.f.CommonsRequestLoggingFilter      : After request [POST /api/v1/users, client=127.0.0.1, headers=[host:"localhost:8080", user-agent:"insomnia/2023.4.0", accept:"*/*", content-length:"97", Content-Type:"application/json;charset=UTF-8"], payload={
	"userId": "ssafy",
	"password": "ssafy",
  "email": "ssafy@naver.com",
  "nickname": "sumin"
}]
2023-07-20 17:11:39.416 ERROR 856 --- [http-nio-127.0.0.1-8080-exec-1] o.a.c.c.C.[.[.[/].[dispatcherServlet]    : Servlet.service() for servlet [dispatcherServlet] in context with path [] threw exception [Request processing failed; nested exception is org.springframework.dao.DataIntegrityViolationException: could not execute statement; SQL [n/a]; constraint [user.UK_d2ia11oqhsynodbsi46m80vfc]; nested exception is org.hibernate.exception.ConstraintViolationException: could not execute statement] with root cause

java.sql.SQLIntegrityConstraintViolationException: Duplicate entry 'sumin' for key 'user.UK_d2ia11oqhsynodbsi46m80vfc'
	at com.mysql.cj.jdbc.exceptions.SQLError.createSQLException(SQLError.java:117) ~[mysql-connector-java-8.0.23.jar:8.0.23]
	at com.mysql.cj.jdbc.exceptions.SQLExceptionsMapping.translateException(SQLExceptionsMapping.java:122) ~[mysql-connector-java-8.0.23.jar:8.0.23]
	at com.mysql.cj.jdbc.ClientPreparedStatement.executeInternal(ClientPreparedStatement.java:953) ~[mysql-connector-java-8.0.23.jar:8.0.23]
	at com.mysql.cj.jdbc.ClientPreparedStatement.executeUpdateInternal(ClientPreparedStatement.java:1092) ~[mysql-connector-java-8.0.23.jar:8.0.23]
	at com.mysql.cj.jdbc.ClientPreparedStatement.executeUpdateInternal(ClientPreparedStatement.java:1040) ~[mysql-connector-java-8.0.23.jar:8.0.23]
	at com.mysql.cj.jdbc.ClientPreparedStatement.executeLargeUpdate(ClientPreparedStatement.java:1347) ~[mysql-connector-java-8.0.23.jar:8.0.23]
	at com.mysql.cj.jdbc.ClientPreparedStatement.executeUpdate(ClientPreparedStatement.java:1025) ~[mysql-connector-java-8.0.23.jar:8.0.23]
	at com.zaxxer.hikari.pool.ProxyPreparedStatement.executeUpdate(ProxyPreparedStatement.java:61) ~[HikariCP-3.4.5.jar:na]
	at com.zaxxer.hikari.pool.HikariProxyPreparedStatement.executeUpdate(HikariProxyPreparedStatement.java) ~[HikariCP-3.4.5.jar:na]
	at org.hibernate.engine.jdbc.internal.ResultSetReturnImpl.executeUpdate(ResultSetReturnImpl.java:197) ~[hibernate-core-5.4.30.Final.jar:5.4.30.Final]
	at org.hibernate.dialect.identity.GetGeneratedKeysDelegate.executeAndExtract(GetGeneratedKeysDelegate.java:57) ~[hibernate-core-5.4.30.Final.jar:5.4.30.Final]
	at org.hibernate.id.insert.AbstractReturningDelegate.performInsert(AbstractReturningDelegate.java:43) ~[hibernate-core-5.4.30.Final.jar:5.4.30.Final]
	at org.hibernate.persister.entity.AbstractEntityPersister.insert(AbstractEntityPersister.java:3195) ~[hibernate-core-5.4.30.Final.jar:5.4.30.Final]
	at org.hibernate.persister.entity.AbstractEntityPersister.insert(AbstractEntityPersister.java:3801) ~[hibernate-core-5.4.30.Final.jar:5.4.30.Final]
	at org.hibernate.action.internal.EntityIdentityInsertAction.execute(EntityIdentityInsertAction.java:84) ~[hibernate-core-5.4.30.Final.jar:5.4.30.Final]
	at org.hibernate.engine.spi.ActionQueue.execute(ActionQueue.java:645) ~[hibernate-core-5.4.30.Final.jar:5.4.30.Final]
	at org.hibernate.engine.spi.ActionQueue.addResolvedEntityInsertAction(ActionQueue.java:282) ~[hibernate-core-5.4.30.Final.jar:5.4.30.Final]
	at org.hibernate.engine.spi.ActionQueue.addInsertAction(ActionQueue.java:263) ~[hibernate-core-5.4.30.Final.jar:5.4.30.Final]
	at org.hibernate.engine.spi.ActionQueue.addAction(ActionQueue.java:317) ~[hibernate-core-5.4.30.Final.jar:5.4.30.Final]
	at org.hibernate.event.internal.AbstractSaveEventListener.addInsertAction(AbstractSaveEventListener.java:330) ~[hibernate-core-5.4.30.Final.jar:5.4.30.Final]
	at org.hibernate.event.internal.AbstractSaveEventListener.performSaveOrReplicate(AbstractSaveEventListener.java:287) ~[hibernate-core-5.4.30.Final.jar:5.4.30.Final]
	at org.hibernate.event.internal.AbstractSaveEventListener.performSave(AbstractSaveEventListener.java:193) ~[hibernate-core-5.4.30.Final.jar:5.4.30.Final]
	at org.hibernate.event.internal.AbstractSaveEventListener.saveWithGeneratedId(AbstractSaveEventListener.java:123) ~[hibernate-core-5.4.30.Final.jar:5.4.30.Final]
	at org.hibernate.event.internal.DefaultPersistEventListener.entityIsTransient(DefaultPersistEventListener.java:185) ~[hibernate-core-5.4.30.Final.jar:5.4.30.Final]
	at org.hibernate.event.internal.DefaultPersistEventListener.onPersist(DefaultPersistEventListener.java:128) ~[hibernate-core-5.4.30.Final.jar:5.4.30.Final]
	at org.hibernate.event.internal.DefaultPersistEventListener.onPersist(DefaultPersistEventListener.java:55) ~[hibernate-core-5.4.30.Final.jar:5.4.30.Final]
	at org.hibernate.event.service.internal.EventListenerGroupImpl.fireEventOnEachListener(EventListenerGroupImpl.java:93) ~[hibernate-core-5.4.30.Final.jar:5.4.30.Final]
	at org.hibernate.internal.SessionImpl.firePersist(SessionImpl.java:720) ~[hibernate-core-5.4.30.Final.jar:5.4.30.Final]
	at org.hibernate.internal.SessionImpl.persist(SessionImpl.java:706) ~[hibernate-core-5.4.30.Final.jar:5.4.30.Final]
	at sun.reflect.NativeMethodAccessorImpl.invoke0(Native Method) ~[na:1.8.0_372]
	at sun.reflect.NativeMethodAccessorImpl.invoke(NativeMethodAccessorImpl.java:62) ~[na:1.8.0_372]
	at sun.reflect.DelegatingMethodAccessorImpl.invoke(DelegatingMethodAccessorImpl.java:43) ~[na:1.8.0_372]
	at java.lang.reflect.Method.invoke(Method.java:498) ~[na:1.8.0_372]
	at org.springframework.orm.jpa.ExtendedEntityManagerCreator$ExtendedEntityManagerInvocationHandler.invoke(ExtendedEntityManagerCreator.java:362) ~[spring-orm-5.3.6.jar:5.3.6]
	at com.sun.proxy.$Proxy131.persist(Unknown Source) ~[na:na]
	at sun.reflect.NativeMethodAccessorImpl.invoke0(Native Method) ~[na:1.8.0_372]
	at sun.reflect.NativeMethodAccessorImpl.invoke(NativeMethodAccessorImpl.java:62) ~[na:1.8.0_372]
	at sun.reflect.DelegatingMethodAccessorImpl.invoke(DelegatingMethodAccessorImpl.java:43) ~[na:1.8.0_372]
	at java.lang.reflect.Method.invoke(Method.java:498) ~[na:1.8.0_372]
	at org.springframework.orm.jpa.SharedEntityManagerCreator$SharedEntityManagerInvocationHandler.invoke(SharedEntityManagerCreator.java:311) ~[spring-orm-5.3.6.jar:5.3.6]
	at com.sun.proxy.$Proxy131.persist(Unknown Source) ~[na:na]
	at org.springframework.data.jpa.repository.support.SimpleJpaRepository.save(SimpleJpaRepository.java:557) ~[spring-data-jpa-2.4.8.jar:2.4.8]
	at sun.reflect.NativeMethodAccessorImpl.invoke0(Native Method) ~[na:1.8.0_372]
	at sun.reflect.NativeMethodAccessorImpl.invoke(NativeMethodAccessorImpl.java:62) ~[na:1.8.0_372]
	at sun.reflect.DelegatingMethodAccessorImpl.invoke(DelegatingMethodAccessorImpl.java:43) ~[na:1.8.0_372]
	at java.lang.reflect.Method.invoke(Method.java:498) ~[na:1.8.0_372]
	at org.springframework.data.repository.core.support.RepositoryMethodInvoker$RepositoryFragmentMethodInvoker.lambda$new$0(RepositoryMethodInvoker.java:289) ~[spring-data-commons-2.4.8.jar:2.4.8]
	at org.springframework.data.repository.core.support.RepositoryMethodInvoker.doInvoke(RepositoryMethodInvoker.java:137) ~[spring-data-commons-2.4.8.jar:2.4.8]
	at org.springframework.data.repository.core.support.RepositoryMethodInvoker.invoke(RepositoryMethodInvoker.java:121) ~[spring-data-commons-2.4.8.jar:2.4.8]
	at org.springframework.data.repository.core.support.RepositoryComposition$RepositoryFragments.invoke(RepositoryComposition.java:524) ~[spring-data-commons-2.4.8.jar:2.4.8]
	at org.springframework.data.repository.core.support.RepositoryComposition.invoke(RepositoryComposition.java:285) ~[spring-data-commons-2.4.8.jar:2.4.8]
	at org.springframework.data.repository.core.support.RepositoryFactorySupport$ImplementationMethodExecutionInterceptor.invoke(RepositoryFactorySupport.java:531) ~[spring-data-commons-2.4.8.jar:2.4.8]
	at org.springframework.aop.framework.ReflectiveMethodInvocation.proceed(ReflectiveMethodInvocation.java:186) ~[spring-aop-5.3.6.jar:5.3.6]
	at org.springframework.data.repository.core.support.QueryExecutorMethodInterceptor.doInvoke(QueryExecutorMethodInterceptor.java:156) ~[spring-data-commons-2.4.8.jar:2.4.8]
	at org.springframework.data.repository.core.support.QueryExecutorMethodInterceptor.invoke(QueryExecutorMethodInterceptor.java:131) ~[spring-data-commons-2.4.8.jar:2.4.8]
	at org.springframework.aop.framework.ReflectiveMethodInvocation.proceed(ReflectiveMethodInvocation.java:186) ~[spring-aop-5.3.6.jar:5.3.6]
	at org.springframework.data.projection.DefaultMethodInvokingMethodInterceptor.invoke(DefaultMethodInvokingMethodInterceptor.java:80) ~[spring-data-commons-2.4.8.jar:2.4.8]
	at org.springframework.aop.framework.ReflectiveMethodInvocation.proceed(ReflectiveMethodInvocation.java:186) ~[spring-aop-5.3.6.jar:5.3.6]
	at org.springframework.transaction.interceptor.TransactionInterceptor$1.proceedWithInvocation(TransactionInterceptor.java:123) ~[spring-tx-5.3.6.jar:5.3.6]
	at org.springframework.transaction.interceptor.TransactionAspectSupport.invokeWithinTransaction(TransactionAspectSupport.java:388) ~[spring-tx-5.3.6.jar:5.3.6]
	at org.springframework.transaction.interceptor.TransactionInterceptor.invoke(TransactionInterceptor.java:119) ~[spring-tx-5.3.6.jar:5.3.6]
	at org.springframework.aop.framework.ReflectiveMethodInvocation.proceed(ReflectiveMethodInvocation.java:186) ~[spring-aop-5.3.6.jar:5.3.6]
	at org.springframework.dao.support.PersistenceExceptionTranslationInterceptor.invoke(PersistenceExceptionTranslationInterceptor.java:137) ~[spring-tx-5.3.6.jar:5.3.6]
	at org.springframework.aop.framework.ReflectiveMethodInvocation.proceed(ReflectiveMethodInvocation.java:186) ~[spring-aop-5.3.6.jar:5.3.6]
	at org.springframework.data.jpa.repository.support.CrudMethodMetadataPostProcessor$CrudMethodMetadataPopulatingMethodInterceptor.invoke(CrudMethodMetadataPostProcessor.java:174) ~[spring-data-jpa-2.4.8.jar:2.4.8]
	at org.springframework.aop.framework.ReflectiveMethodInvocation.proceed(ReflectiveMethodInvocation.java:186) ~[spring-aop-5.3.6.jar:5.3.6]
	at org.springframework.aop.interceptor.ExposeInvocationInterceptor.invoke(ExposeInvocationInterceptor.java:97) ~[spring-aop-5.3.6.jar:5.3.6]
	at org.springframework.aop.framework.ReflectiveMethodInvocation.proceed(ReflectiveMethodInvocation.java:186) ~[spring-aop-5.3.6.jar:5.3.6]
	at org.springframework.aop.framework.JdkDynamicAopProxy.invoke(JdkDynamicAopProxy.java:215) ~[spring-aop-5.3.6.jar:5.3.6]
	at com.sun.proxy.$Proxy135.save(Unknown Source) ~[na:na]
	at com.ssafy.catchpalm.api.service.UserServiceImpl.createUser(UserServiceImpl.java:35) ~[main/:na]
	at com.ssafy.catchpalm.api.controller.UserController.register(UserController.java:54) ~[main/:na]
	at sun.reflect.NativeMethodAccessorImpl.invoke0(Native Method) ~[na:1.8.0_372]
	at sun.reflect.NativeMethodAccessorImpl.invoke(NativeMethodAccessorImpl.java:62) ~[na:1.8.0_372]
	at sun.reflect.DelegatingMethodAccessorImpl.invoke(DelegatingMethodAccessorImpl.java:43) ~[na:1.8.0_372]
	at java.lang.reflect.Method.invoke(Method.java:498) ~[na:1.8.0_372]
	at org.springframework.web.method.support.InvocableHandlerMethod.doInvoke(InvocableHandlerMethod.java:197) ~[spring-web-5.3.6.jar:5.3.6]
	at org.springframework.web.method.support.InvocableHandlerMethod.invokeForRequest(InvocableHandlerMethod.java:141) ~[spring-web-5.3.6.jar:5.3.6]
	at org.springframework.web.servlet.mvc.method.annotation.ServletInvocableHandlerMethod.invokeAndHandle(ServletInvocableHandlerMethod.java:106) ~[spring-webmvc-5.3.6.jar:5.3.6]
	at org.springframework.web.servlet.mvc.method.annotation.RequestMappingHandlerAdapter.invokeHandlerMethod(RequestMappingHandlerAdapter.java:894) ~[spring-webmvc-5.3.6.jar:5.3.6]
	at org.springframework.web.servlet.mvc.method.annotation.RequestMappingHandlerAdapter.handleInternal(RequestMappingHandlerAdapter.java:808) ~[spring-webmvc-5.3.6.jar:5.3.6]
	at org.springframework.web.servlet.mvc.method.AbstractHandlerMethodAdapter.handle(AbstractHandlerMethodAdapter.java:87) ~[spring-webmvc-5.3.6.jar:5.3.6]
	at org.springframework.web.servlet.DispatcherServlet.doDispatch(DispatcherServlet.java:1060) ~[spring-webmvc-5.3.6.jar:5.3.6]
	at org.springframework.web.servlet.DispatcherServlet.doService(DispatcherServlet.java:962) ~[spring-webmvc-5.3.6.jar:5.3.6]
	at org.springframework.web.servlet.FrameworkServlet.processRequest(FrameworkServlet.java:1006) ~[spring-webmvc-5.3.6.jar:5.3.6]
	at org.springframework.web.servlet.FrameworkServlet.doPost(FrameworkServlet.java:909) ~[spring-webmvc-5.3.6.jar:5.3.6]
	at javax.servlet.http.HttpServlet.service(HttpServlet.java:652) ~[tomcat-embed-core-9.0.45.jar:4.0.FR]
	at org.springframework.web.servlet.FrameworkServlet.service(FrameworkServlet.java:883) ~[spring-webmvc-5.3.6.jar:5.3.6]
	at javax.servlet.http.HttpServlet.service(HttpServlet.java:733) ~[tomcat-embed-core-9.0.45.jar:4.0.FR]
	at org.apache.catalina.core.ApplicationFilterChain.internalDoFilter(ApplicationFilterChain.java:227) ~[tomcat-embed-core-9.0.45.jar:9.0.45]
	at org.apache.catalina.core.ApplicationFilterChain.doFilter(ApplicationFilterChain.java:162) ~[tomcat-embed-core-9.0.45.jar:9.0.45]
	at org.apache.tomcat.websocket.server.WsFilter.doFilter(WsFilter.java:53) ~[tomcat-embed-websocket-9.0.45.jar:9.0.45]
	at org.apache.catalina.core.ApplicationFilterChain.internalDoFilter(ApplicationFilterChain.java:189) ~[tomcat-embed-core-9.0.45.jar:9.0.45]
	at org.apache.catalina.core.ApplicationFilterChain.doFilter(ApplicationFilterChain.java:162) ~[tomcat-embed-core-9.0.45.jar:9.0.45]
	at org.springframework.web.filter.CharacterEncodingFilter.doFilterInternal(CharacterEncodingFilter.java:201) ~[spring-web-5.3.6.jar:5.3.6]
	at org.springframework.web.filter.OncePerRequestFilter.doFilter(OncePerRequestFilter.java:119) ~[spring-web-5.3.6.jar:5.3.6]
	at org.apache.catalina.core.ApplicationFilterChain.internalDoFilter(ApplicationFilterChain.java:189) ~[tomcat-embed-core-9.0.45.jar:9.0.45]
	at org.apache.catalina.core.ApplicationFilterChain.doFilter(ApplicationFilterChain.java:162) ~[tomcat-embed-core-9.0.45.jar:9.0.45]
	at org.springframework.web.filter.AbstractRequestLoggingFilter.doFilterInternal(AbstractRequestLoggingFilter.java:289) ~[spring-web-5.3.6.jar:5.3.6]
	at org.springframework.web.filter.OncePerRequestFilter.doFilter(OncePerRequestFilter.java:119) ~[spring-web-5.3.6.jar:5.3.6]
	at org.apache.catalina.core.ApplicationFilterChain.internalDoFilter(ApplicationFilterChain.java:189) ~[tomcat-embed-core-9.0.45.jar:9.0.45]
	at org.apache.catalina.core.ApplicationFilterChain.doFilter(ApplicationFilterChain.java:162) ~[tomcat-embed-core-9.0.45.jar:9.0.45]
	at org.springframework.security.web.FilterChainProxy$VirtualFilterChain.doFilter(FilterChainProxy.java:327) ~[spring-security-web-5.4.6.jar:5.4.6]
	at org.springframework.security.web.access.intercept.FilterSecurityInterceptor.invoke(FilterSecurityInterceptor.java:115) ~[spring-security-web-5.4.6.jar:5.4.6]
	at org.springframework.security.web.access.intercept.FilterSecurityInterceptor.doFilter(FilterSecurityInterceptor.java:81) ~[spring-security-web-5.4.6.jar:5.4.6]
	at org.springframework.security.web.FilterChainProxy$VirtualFilterChain.doFilter(FilterChainProxy.java:336) ~[spring-security-web-5.4.6.jar:5.4.6]
	at org.springframework.security.web.access.ExceptionTranslationFilter.doFilter(ExceptionTranslationFilter.java:119) ~[spring-security-web-5.4.6.jar:5.4.6]
	at org.springframework.security.web.access.ExceptionTranslationFilter.doFilter(ExceptionTranslationFilter.java:113) ~[spring-security-web-5.4.6.jar:5.4.6]
	at org.springframework.security.web.FilterChainProxy$VirtualFilterChain.doFilter(FilterChainProxy.java:336) ~[spring-security-web-5.4.6.jar:5.4.6]
	at org.springframework.security.web.session.SessionManagementFilter.doFilter(SessionManagementFilter.java:126) ~[spring-security-web-5.4.6.jar:5.4.6]
	at org.springframework.security.web.session.SessionManagementFilter.doFilter(SessionManagementFilter.java:81) ~[spring-security-web-5.4.6.jar:5.4.6]
	at org.springframework.security.web.FilterChainProxy$VirtualFilterChain.doFilter(FilterChainProxy.java:336) ~[spring-security-web-5.4.6.jar:5.4.6]
	at org.springframework.security.web.authentication.AnonymousAuthenticationFilter.doFilter(AnonymousAuthenticationFilter.java:105) ~[spring-security-web-5.4.6.jar:5.4.6]
	at org.springframework.security.web.FilterChainProxy$VirtualFilterChain.doFilter(FilterChainProxy.java:336) ~[spring-security-web-5.4.6.jar:5.4.6]
	at org.springframework.security.web.servletapi.SecurityContextHolderAwareRequestFilter.doFilter(SecurityContextHolderAwareRequestFilter.java:149) ~[spring-security-web-5.4.6.jar:5.4.6]
	at org.springframework.security.web.FilterChainProxy$VirtualFilterChain.doFilter(FilterChainProxy.java:336) ~[spring-security-web-5.4.6.jar:5.4.6]
	at org.springframework.security.web.savedrequest.RequestCacheAwareFilter.doFilter(RequestCacheAwareFilter.java:63) ~[spring-security-web-5.4.6.jar:5.4.6]
	at org.springframework.security.web.FilterChainProxy$VirtualFilterChain.doFilter(FilterChainProxy.java:336) ~[spring-security-web-5.4.6.jar:5.4.6]
	at com.ssafy.catchpalm.common.auth.JwtAuthenticationFilter.doFilterInternal(JwtAuthenticationFilter.java:53) ~[main/:na]
	at org.springframework.web.filter.OncePerRequestFilter.doFilter(OncePerRequestFilter.java:119) ~[spring-web-5.3.6.jar:5.3.6]
	at org.springframework.security.web.FilterChainProxy$VirtualFilterChain.doFilter(FilterChainProxy.java:336) ~[spring-security-web-5.4.6.jar:5.4.6]
	at org.springframework.security.web.authentication.logout.LogoutFilter.doFilter(LogoutFilter.java:103) ~[spring-security-web-5.4.6.jar:5.4.6]
	at org.springframework.security.web.authentication.logout.LogoutFilter.doFilter(LogoutFilter.java:89) ~[spring-security-web-5.4.6.jar:5.4.6]
	at org.springframework.security.web.FilterChainProxy$VirtualFilterChain.doFilter(FilterChainProxy.java:336) ~[spring-security-web-5.4.6.jar:5.4.6]
	at org.springframework.web.filter.CorsFilter.doFilterInternal(CorsFilter.java:91) ~[spring-web-5.3.6.jar:5.3.6]
	at org.springframework.web.filter.OncePerRequestFilter.doFilter(OncePerRequestFilter.java:119) ~[spring-web-5.3.6.jar:5.3.6]
	at org.springframework.security.web.FilterChainProxy$VirtualFilterChain.doFilter(FilterChainProxy.java:336) ~[spring-security-web-5.4.6.jar:5.4.6]
	at org.springframework.security.web.header.HeaderWriterFilter.doHeadersAfter(HeaderWriterFilter.java:90) ~[spring-security-web-5.4.6.jar:5.4.6]
	at org.springframework.security.web.header.HeaderWriterFilter.doFilterInternal(HeaderWriterFilter.java:75) ~[spring-security-web-5.4.6.jar:5.4.6]
	at org.springframework.web.filter.OncePerRequestFilter.doFilter(OncePerRequestFilter.java:119) ~[spring-web-5.3.6.jar:5.3.6]
	at org.springframework.security.web.FilterChainProxy$VirtualFilterChain.doFilter(FilterChainProxy.java:336) ~[spring-security-web-5.4.6.jar:5.4.6]
	at org.springframework.security.web.context.SecurityContextPersistenceFilter.doFilter(SecurityContextPersistenceFilter.java:110) ~[spring-security-web-5.4.6.jar:5.4.6]
	at org.springframework.security.web.context.SecurityContextPersistenceFilter.doFilter(SecurityContextPersistenceFilter.java:80) ~[spring-security-web-5.4.6.jar:5.4.6]
	at org.springframework.security.web.FilterChainProxy$VirtualFilterChain.doFilter(FilterChainProxy.java:336) ~[spring-security-web-5.4.6.jar:5.4.6]
	at org.springframework.security.web.context.request.async.WebAsyncManagerIntegrationFilter.doFilterInternal(WebAsyncManagerIntegrationFilter.java:55) ~[spring-security-web-5.4.6.jar:5.4.6]
	at org.springframework.web.filter.OncePerRequestFilter.doFilter(OncePerRequestFilter.java:119) ~[spring-web-5.3.6.jar:5.3.6]
	at org.springframework.security.web.FilterChainProxy$VirtualFilterChain.doFilter(FilterChainProxy.java:336) ~[spring-security-web-5.4.6.jar:5.4.6]
	at org.springframework.security.web.FilterChainProxy.doFilterInternal(FilterChainProxy.java:211) ~[spring-security-web-5.4.6.jar:5.4.6]
	at org.springframework.security.web.FilterChainProxy.doFilter(FilterChainProxy.java:183) ~[spring-security-web-5.4.6.jar:5.4.6]
	at org.springframework.web.filter.DelegatingFilterProxy.invokeDelegate(DelegatingFilterProxy.java:358) ~[spring-web-5.3.6.jar:5.3.6]
	at org.springframework.web.filter.DelegatingFilterProxy.doFilter(DelegatingFilterProxy.java:271) ~[spring-web-5.3.6.jar:5.3.6]
	at org.apache.catalina.core.ApplicationFilterChain.internalDoFilter(ApplicationFilterChain.java:189) ~[tomcat-embed-core-9.0.45.jar:9.0.45]
	at org.apache.catalina.core.ApplicationFilterChain.doFilter(ApplicationFilterChain.java:162) ~[tomcat-embed-core-9.0.45.jar:9.0.45]
	at org.springframework.web.filter.RequestContextFilter.doFilterInternal(RequestContextFilter.java:100) ~[spring-web-5.3.6.jar:5.3.6]
	at org.springframework.web.filter.OncePerRequestFilter.doFilter(OncePerRequestFilter.java:119) ~[spring-web-5.3.6.jar:5.3.6]
	at org.apache.catalina.core.ApplicationFilterChain.internalDoFilter(ApplicationFilterChain.java:189) ~[tomcat-embed-core-9.0.45.jar:9.0.45]
	at org.apache.catalina.core.ApplicationFilterChain.doFilter(ApplicationFilterChain.java:162) ~[tomcat-embed-core-9.0.45.jar:9.0.45]
	at org.springframework.web.filter.FormContentFilter.doFilterInternal(FormContentFilter.java:93) ~[spring-web-5.3.6.jar:5.3.6]
	at org.springframework.web.filter.OncePerRequestFilter.doFilter(OncePerRequestFilter.java:119) ~[spring-web-5.3.6.jar:5.3.6]
	at org.apache.catalina.core.ApplicationFilterChain.internalDoFilter(ApplicationFilterChain.java:189) ~[tomcat-embed-core-9.0.45.jar:9.0.45]
	at org.apache.catalina.core.ApplicationFilterChain.doFilter(ApplicationFilterChain.java:162) ~[tomcat-embed-core-9.0.45.jar:9.0.45]
	at org.springframework.boot.actuate.metrics.web.servlet.WebMvcMetricsFilter.doFilterInternal(WebMvcMetricsFilter.java:93) ~[spring-boot-actuator-2.4.5.jar:2.4.5]
	at org.springframework.web.filter.OncePerRequestFilter.doFilter(OncePerRequestFilter.java:119) ~[spring-web-5.3.6.jar:5.3.6]
	at org.apache.catalina.core.ApplicationFilterChain.internalDoFilter(ApplicationFilterChain.java:189) ~[tomcat-embed-core-9.0.45.jar:9.0.45]
	at org.apache.catalina.core.ApplicationFilterChain.doFilter(ApplicationFilterChain.java:162) ~[tomcat-embed-core-9.0.45.jar:9.0.45]
	at org.apache.catalina.core.StandardWrapperValve.invoke(StandardWrapperValve.java:202) ~[tomcat-embed-core-9.0.45.jar:9.0.45]
	at org.apache.catalina.core.StandardContextValve.invoke(StandardContextValve.java:97) [tomcat-embed-core-9.0.45.jar:9.0.45]
	at org.apache.catalina.authenticator.AuthenticatorBase.invoke(AuthenticatorBase.java:542) [tomcat-embed-core-9.0.45.jar:9.0.45]
	at org.apache.catalina.core.StandardHostValve.invoke(StandardHostValve.java:143) [tomcat-embed-core-9.0.45.jar:9.0.45]
	at org.apache.catalina.valves.ErrorReportValve.invoke(ErrorReportValve.java:92) [tomcat-embed-core-9.0.45.jar:9.0.45]
	at org.apache.catalina.core.StandardEngineValve.invoke(StandardEngineValve.java:78) [tomcat-embed-core-9.0.45.jar:9.0.45]
	at org.apache.catalina.connector.CoyoteAdapter.service(CoyoteAdapter.java:357) [tomcat-embed-core-9.0.45.jar:9.0.45]
	at org.apache.coyote.http11.Http11Processor.service(Http11Processor.java:374) [tomcat-embed-core-9.0.45.jar:9.0.45]
	at org.apache.coyote.AbstractProcessorLight.process(AbstractProcessorLight.java:65) [tomcat-embed-core-9.0.45.jar:9.0.45]
	at org.apache.coyote.AbstractProtocol$ConnectionHandler.process(AbstractProtocol.java:893) [tomcat-embed-core-9.0.45.jar:9.0.45]
	at org.apache.tomcat.util.net.NioEndpoint$SocketProcessor.doRun(NioEndpoint.java:1707) [tomcat-embed-core-9.0.45.jar:9.0.45]
	at org.apache.tomcat.util.net.SocketProcessorBase.run(SocketProcessorBase.java:49) [tomcat-embed-core-9.0.45.jar:9.0.45]
	at java.util.concurrent.ThreadPoolExecutor.runWorker(ThreadPoolExecutor.java:1149) [na:1.8.0_372]
	at java.util.concurrent.ThreadPoolExecutor$Worker.run(ThreadPoolExecutor.java:624) [na:1.8.0_372]
	at org.apache.tomcat.util.threads.TaskThread$WrappingRunnable.run(TaskThread.java:61) [tomcat-embed-core-9.0.45.jar:9.0.45]
	at java.lang.Thread.run(Thread.java:750) [na:1.8.0_372]

2023-07-20 17:11:39.425 DEBUG 856 --- [http-nio-127.0.0.1-8080-exec-1] o.s.web.servlet.DispatcherServlet        : "ERROR" dispatch for POST "/error", parameters={}
2023-07-20 17:11:39.427 DEBUG 856 --- [http-nio-127.0.0.1-8080-exec-1] s.w.s.m.m.a.RequestMappingHandlerMapping : Mapped to org.springframework.boot.autoconfigure.web.servlet.error.BasicErrorController#error(HttpServletRequest)
2023-07-20 17:11:39.442 DEBUG 856 --- [http-nio-127.0.0.1-8080-exec-1] o.s.w.s.m.m.a.HttpEntityMethodProcessor  : Using 'application/json', given [*/*] and supported [application/json, application/*+json, application/json, application/*+json]
2023-07-20 17:11:39.443 DEBUG 856 --- [http-nio-127.0.0.1-8080-exec-1] o.s.w.s.m.m.a.HttpEntityMethodProcessor  : Writing [{timestamp=Thu Jul 20 17:11:39 KST 2023, status=500, error=Internal Server Error, trace=org.springfr (truncated)...]
2023-07-20 17:11:39.462 DEBUG 856 --- [http-nio-127.0.0.1-8080-exec-1] o.s.web.servlet.DispatcherServlet        : Exiting from "ERROR" dispatch, status 500
2023-07-20 17:12:46.225 DEBUG 856 --- [http-nio-127.0.0.1-8080-exec-2] o.s.w.f.CommonsRequestLoggingFilter      : Before request [POST /api/v1/users, client=127.0.0.1, headers=[host:"localhost:8080", user-agent:"insomnia/2023.4.0", accept:"*/*", content-length:"97", Content-Type:"application/json;charset=ISO-8859-1"]]
2023-07-20 17:12:46.225 DEBUG 856 --- [http-nio-127.0.0.1-8080-exec-2] o.s.web.servlet.DispatcherServlet        : POST "/api/v1/users", parameters={}
2023-07-20 17:12:46.225 DEBUG 856 --- [http-nio-127.0.0.1-8080-exec-2] s.w.s.m.m.a.RequestMappingHandlerMapping : Mapped to com.ssafy.catchpalm.api.controller.UserController#register(UserRegisterPostReq)
2023-07-20 17:12:46.226 DEBUG 856 --- [http-nio-127.0.0.1-8080-exec-2] m.m.a.RequestResponseBodyMethodProcessor : Read "application/json;charset=UTF-8" to [com.ssafy.catchpalm.api.request.UserRegisterPostReq@4d8f7a45]
2023-07-20 17:12:46.382 DEBUG 856 --- [http-nio-127.0.0.1-8080-exec-2] o.s.w.s.m.m.a.HttpEntityMethodProcessor  : Using 'application/json', given [*/*] and supported [application/json, application/*+json, application/json, application/*+json]
2023-07-20 17:12:46.382 DEBUG 856 --- [http-nio-127.0.0.1-8080-exec-2] o.s.w.s.m.m.a.HttpEntityMethodProcessor  : Writing [com.ssafy.catchpalm.common.model.response.BaseResponseBody@edcf5c8]
2023-07-20 17:12:46.383 DEBUG 856 --- [http-nio-127.0.0.1-8080-exec-2] o.s.web.servlet.DispatcherServlet        : Completed 200 OK
2023-07-20 17:12:46.384 DEBUG 856 --- [http-nio-127.0.0.1-8080-exec-2] o.s.w.f.CommonsRequestLoggingFilter      : After request [POST /api/v1/users, client=127.0.0.1, headers=[host:"localhost:8080", user-agent:"insomnia/2023.4.0", accept:"*/*", content-length:"97", Content-Type:"application/json;charset=UTF-8"], payload={
	"userId": "ssafy",
	"password": "ssafy",
  "email": "ssafy@naver.com",
  "nickname": "sumin"
}]
2023-07-20 17:13:15.540 DEBUG 856 --- [http-nio-127.0.0.1-8080-exec-3] o.s.w.f.CommonsRequestLoggingFilter      : Before request [POST /api/v1/auth/login, client=127.0.0.1, headers=[host:"localhost:8080", user-agent:"insomnia/2023.4.0", accept:"*/*", content-length:"42", Content-Type:"application/json;charset=ISO-8859-1"]]
2023-07-20 17:13:15.540 DEBUG 856 --- [http-nio-127.0.0.1-8080-exec-3] o.s.web.servlet.DispatcherServlet        : POST "/api/v1/auth/login", parameters={}
2023-07-20 17:13:15.541 DEBUG 856 --- [http-nio-127.0.0.1-8080-exec-3] s.w.s.m.m.a.RequestMappingHandlerMapping : Mapped to com.ssafy.catchpalm.api.controller.AuthController#login(UserLoginPostReq)
2023-07-20 17:13:15.542 DEBUG 856 --- [http-nio-127.0.0.1-8080-exec-3] m.m.a.RequestResponseBodyMethodProcessor : Read "application/json;charset=UTF-8" to [com.ssafy.catchpalm.api.request.UserLoginPostReq@50279041]
2023-07-20 17:13:15.838 DEBUG 856 --- [http-nio-127.0.0.1-8080-exec-3] o.s.w.s.m.m.a.HttpEntityMethodProcessor  : Using 'application/json', given [*/*] and supported [application/json, application/*+json, application/json, application/*+json]
2023-07-20 17:13:15.838 DEBUG 856 --- [http-nio-127.0.0.1-8080-exec-3] o.s.w.s.m.m.a.HttpEntityMethodProcessor  : Writing [com.ssafy.catchpalm.api.response.UserLoginPostRes@46391207]
2023-07-20 17:13:15.839 DEBUG 856 --- [http-nio-127.0.0.1-8080-exec-3] o.s.web.servlet.DispatcherServlet        : Completed 200 OK
2023-07-20 17:13:15.839 DEBUG 856 --- [http-nio-127.0.0.1-8080-exec-3] o.s.w.f.CommonsRequestLoggingFilter      : After request [POST /api/v1/auth/login, client=127.0.0.1, headers=[host:"localhost:8080", user-agent:"insomnia/2023.4.0", accept:"*/*", content-length:"42", Content-Type:"application/json;charset=UTF-8"], payload={
  "id": "ssafy",
  "password": "ssafy"
}]
2023-07-20 17:20:24.496 DEBUG 856 --- [http-nio-127.0.0.1-8080-exec-5] o.s.w.f.CommonsRequestLoggingFilter      : Before request [POST /api/v1/auth/login, client=127.0.0.1, headers=[host:"localhost:8080", user-agent:"insomnia/2023.4.0", accept:"*/*", content-length:"42", Content-Type:"application/json;charset=ISO-8859-1"]]
2023-07-20 17:20:24.497 DEBUG 856 --- [http-nio-127.0.0.1-8080-exec-5] o.s.web.servlet.DispatcherServlet        : POST "/api/v1/auth/login", parameters={}
2023-07-20 17:20:24.497 DEBUG 856 --- [http-nio-127.0.0.1-8080-exec-5] s.w.s.m.m.a.RequestMappingHandlerMapping : Mapped to com.ssafy.catchpalm.api.controller.AuthController#login(UserLoginPostReq)
2023-07-20 17:20:24.498 DEBUG 856 --- [http-nio-127.0.0.1-8080-exec-5] m.m.a.RequestResponseBodyMethodProcessor : Read "application/json;charset=UTF-8" to [com.ssafy.catchpalm.api.request.UserLoginPostReq@214d95a3]
2023-07-20 17:20:24.564 DEBUG 856 --- [http-nio-127.0.0.1-8080-exec-5] o.s.w.s.m.m.a.HttpEntityMethodProcessor  : Using 'application/json', given [*/*] and supported [application/json, application/*+json, application/json, application/*+json]
2023-07-20 17:20:24.565 DEBUG 856 --- [http-nio-127.0.0.1-8080-exec-5] o.s.w.s.m.m.a.HttpEntityMethodProcessor  : Writing [com.ssafy.catchpalm.api.response.UserLoginPostRes@e988a8e]
2023-07-20 17:20:24.566 DEBUG 856 --- [http-nio-127.0.0.1-8080-exec-5] o.s.web.servlet.DispatcherServlet        : Completed 200 OK
2023-07-20 17:20:24.566 DEBUG 856 --- [http-nio-127.0.0.1-8080-exec-5] o.s.w.f.CommonsRequestLoggingFilter      : After request [POST /api/v1/auth/login, client=127.0.0.1, headers=[host:"localhost:8080", user-agent:"insomnia/2023.4.0", accept:"*/*", content-length:"42", Content-Type:"application/json;charset=UTF-8"], payload={
  "id": "ssafy",
  "password": "ssafy"
}]
2023-07-20 17:21:15.379  INFO 8920 --- [restartedMain] c.ssafy.catchpalm.CatchpalmApplication   : Starting CatchpalmApplication using Java 1.8.0_372 on DESKTOP-BLHP263 with PID 8920 (C:\ssafy\workspace\Common_Project_2\catchpalm\back-end\build\classes\java\main started by SSAFY in C:\ssafy\workspace\Common_Project_2\catchpalm\back-end)
2023-07-20 17:21:15.382  INFO 8920 --- [restartedMain] c.ssafy.catchpalm.CatchpalmApplication   : No active profile set, falling back to default profiles: default
2023-07-20 17:21:15.430  INFO 8920 --- [restartedMain] .e.DevToolsPropertyDefaultsPostProcessor : Devtools property defaults active! Set 'spring.devtools.add-properties' to 'false' to disable
2023-07-20 17:21:15.430  INFO 8920 --- [restartedMain] .e.DevToolsPropertyDefaultsPostProcessor : For additional web related logging consider setting the 'logging.level.web' property to 'DEBUG'
2023-07-20 17:21:16.776  INFO 8920 --- [restartedMain] .s.d.r.c.RepositoryConfigurationDelegate : Bootstrapping Spring Data JPA repositories in DEFAULT mode.
2023-07-20 17:21:16.854  INFO 8920 --- [restartedMain] .s.d.r.c.RepositoryConfigurationDelegate : Finished Spring Data repository scanning in 68 ms. Found 1 JPA repository interfaces.
2023-07-20 17:21:17.254  INFO 8920 --- [restartedMain] trationDelegate$BeanPostProcessorChecker : Bean 'org.springframework.security.access.expression.method.DefaultMethodSecurityExpressionHandler@6b08c9f2' of type [org.springframework.security.access.expression.method.DefaultMethodSecurityExpressionHandler] is not eligible for getting processed by all BeanPostProcessors (for example: not eligible for auto-proxying)
2023-07-20 17:21:17.261  INFO 8920 --- [restartedMain] trationDelegate$BeanPostProcessorChecker : Bean 'methodSecurityMetadataSource' of type [org.springframework.security.access.method.DelegatingMethodSecurityMetadataSource] is not eligible for getting processed by all BeanPostProcessors (for example: not eligible for auto-proxying)
2023-07-20 17:21:17.926  INFO 8920 --- [restartedMain] o.s.b.w.embedded.tomcat.TomcatWebServer  : Tomcat initialized with port(s): 8080 (http)
2023-07-20 17:21:17.940  INFO 8920 --- [restartedMain] o.apache.catalina.core.StandardService   : Starting service [Tomcat]
2023-07-20 17:21:17.940  INFO 8920 --- [restartedMain] org.apache.catalina.core.StandardEngine  : Starting Servlet engine: [Apache Tomcat/9.0.45]
2023-07-20 17:21:18.066  INFO 8920 --- [restartedMain] o.a.c.c.C.[Tomcat].[localhost].[/]       : Initializing Spring embedded WebApplicationContext
2023-07-20 17:21:18.067  INFO 8920 --- [restartedMain] w.s.c.ServletWebServerApplicationContext : Root WebApplicationContext: initialization completed in 2636 ms
2023-07-20 17:21:18.281 DEBUG 8920 --- [restartedMain] o.s.web.filter.CharacterEncodingFilter   : Filter 'characterEncodingFilter' configured for use
2023-07-20 17:21:18.281 DEBUG 8920 --- [restartedMain] o.s.w.f.CommonsRequestLoggingFilter      : Filter 'commonsRequestLoggingFilter' configured for use
2023-07-20 17:21:18.475  INFO 8920 --- [restartedMain] o.hibernate.jpa.internal.util.LogHelper  : HHH000204: Processing PersistenceUnitInfo [name: default]
2023-07-20 17:21:18.543  INFO 8920 --- [restartedMain] org.hibernate.Version                    : HHH000412: Hibernate ORM core version 5.4.30.Final
2023-07-20 17:21:18.708  INFO 8920 --- [restartedMain] o.hibernate.annotations.common.Version   : HCANN000001: Hibernate Commons Annotations {5.1.2.Final}
2023-07-20 17:21:18.834  INFO 8920 --- [restartedMain] com.zaxxer.hikari.HikariDataSource       : HikariPool-1 - Starting...
2023-07-20 17:21:19.155  INFO 8920 --- [restartedMain] com.zaxxer.hikari.HikariDataSource       : HikariPool-1 - Start completed.
2023-07-20 17:21:19.177  INFO 8920 --- [restartedMain] org.hibernate.dialect.Dialect            : HHH000400: Using dialect: org.hibernate.dialect.MySQL57Dialect
2023-07-20 17:21:20.067  INFO 8920 --- [restartedMain] o.h.e.t.j.p.i.JtaPlatformInitiator       : HHH000490: Using JtaPlatform implementation: [org.hibernate.engine.transaction.jta.platform.internal.NoJtaPlatform]
2023-07-20 17:21:20.077  INFO 8920 --- [restartedMain] j.LocalContainerEntityManagerFactoryBean : Initialized JPA EntityManagerFactory for persistence unit 'default'
2023-07-20 17:21:20.100  INFO 8920 --- [restartedMain] o.s.b.d.a.OptionalLiveReloadServer       : LiveReload server is running on port 35729
2023-07-20 17:21:20.795  WARN 8920 --- [restartedMain] JpaBaseConfiguration$JpaWebConfiguration : spring.jpa.open-in-view is enabled by default. Therefore, database queries may be performed during view rendering. Explicitly configure spring.jpa.open-in-view to disable this warning
2023-07-20 17:21:21.129 DEBUG 8920 --- [restartedMain] s.w.s.m.m.a.RequestMappingHandlerMapping : 11 mappings in 'requestMappingHandlerMapping'
2023-07-20 17:21:21.210  INFO 8920 --- [restartedMain] o.s.b.a.e.web.EndpointLinksResolver      : Exposing 2 endpoint(s) beneath base path '/actuator'
2023-07-20 17:21:21.457  INFO 8920 --- [restartedMain] o.s.s.web.DefaultSecurityFilterChain     : Will secure any request with [org.springframework.security.web.context.request.async.WebAsyncManagerIntegrationFilter@3dbbddfe, org.springframework.security.web.context.SecurityContextPersistenceFilter@463c6360, org.springframework.security.web.header.HeaderWriterFilter@c1abdcf, org.springframework.web.filter.CorsFilter@8f0e95b, org.springframework.security.web.authentication.logout.LogoutFilter@23307b1c, com.ssafy.catchpalm.common.auth.JwtAuthenticationFilter@78f6501e, org.springframework.security.web.savedrequest.RequestCacheAwareFilter@5fdb082f, org.springframework.security.web.servletapi.SecurityContextHolderAwareRequestFilter@2571fd73, org.springframework.security.web.authentication.AnonymousAuthenticationFilter@5270f23a, org.springframework.security.web.session.SessionManagementFilter@7a2981f5, org.springframework.security.web.access.ExceptionTranslationFilter@7590998, org.springframework.security.web.access.intercept.FilterSecurityInterceptor@324ef493]
2023-07-20 17:21:21.533  INFO 8920 --- [restartedMain] o.s.s.concurrent.ThreadPoolTaskExecutor  : Initializing ExecutorService 'applicationTaskExecutor'
2023-07-20 17:21:21.548 DEBUG 8920 --- [restartedMain] s.w.s.m.m.a.RequestMappingHandlerAdapter : ControllerAdvice beans: 0 @ModelAttribute, 0 @InitBinder, 1 RequestBodyAdvice, 1 ResponseBodyAdvice
2023-07-20 17:21:21.584  INFO 8920 --- [restartedMain] o.s.b.a.w.s.WelcomePageHandlerMapping    : Adding welcome page: class path resource [dist/index.html]
2023-07-20 17:21:21.599 DEBUG 8920 --- [restartedMain] o.s.w.s.handler.SimpleUrlHandlerMapping  : Patterns [/swagger-ui/] in 'viewControllerHandlerMapping'
2023-07-20 17:21:21.616 DEBUG 8920 --- [restartedMain] o.s.w.s.c.annotation.WebMvcConfigurer    : Default resource handling disabled
2023-07-20 17:21:21.922 DEBUG 8920 --- [restartedMain] o.s.w.s.handler.SimpleUrlHandlerMapping  : Patterns [/resources/**, /swagger-ui.html, /webjars/**, /css/**, /fonts/**, /icons/**, /img/**, /js/**, /swagger-ui/**] in 'resourceHandlerMapping'
2023-07-20 17:21:21.933 DEBUG 8920 --- [restartedMain] .m.m.a.ExceptionHandlerExceptionResolver : ControllerAdvice beans: 1 @ExceptionHandler, 1 ResponseBodyAdvice
2023-07-20 17:21:22.191  INFO 8920 --- [restartedMain] o.s.b.w.embedded.tomcat.TomcatWebServer  : Tomcat started on port(s): 8080 (http) with context path ''
2023-07-20 17:21:22.415  INFO 8920 --- [restartedMain] c.ssafy.catchpalm.CatchpalmApplication   : Started CatchpalmApplication in 7.489 seconds (JVM running for 8.211)
2023-07-20 17:21:27.978  INFO 8920 --- [http-nio-127.0.0.1-8080-exec-1] o.a.c.c.C.[Tomcat].[localhost].[/]       : Initializing Spring DispatcherServlet 'dispatcherServlet'
2023-07-20 17:21:27.979  INFO 8920 --- [http-nio-127.0.0.1-8080-exec-1] o.s.web.servlet.DispatcherServlet        : Initializing Servlet 'dispatcherServlet'
2023-07-20 17:21:27.979 DEBUG 8920 --- [http-nio-127.0.0.1-8080-exec-1] o.s.web.servlet.DispatcherServlet        : Detected StandardServletMultipartResolver
2023-07-20 17:21:27.979 DEBUG 8920 --- [http-nio-127.0.0.1-8080-exec-1] o.s.web.servlet.DispatcherServlet        : Detected AcceptHeaderLocaleResolver
2023-07-20 17:21:27.979 DEBUG 8920 --- [http-nio-127.0.0.1-8080-exec-1] o.s.web.servlet.DispatcherServlet        : Detected FixedThemeResolver
2023-07-20 17:21:27.980 DEBUG 8920 --- [http-nio-127.0.0.1-8080-exec-1] o.s.web.servlet.DispatcherServlet        : Detected org.springframework.web.servlet.view.DefaultRequestToViewNameTranslator@7e749012
2023-07-20 17:21:27.981 DEBUG 8920 --- [http-nio-127.0.0.1-8080-exec-1] o.s.web.servlet.DispatcherServlet        : Detected org.springframework.web.servlet.support.SessionFlashMapManager@459ccf9e
2023-07-20 17:21:27.982 DEBUG 8920 --- [http-nio-127.0.0.1-8080-exec-1] o.s.web.servlet.DispatcherServlet        : enableLoggingRequestDetails='false': request parameters and headers will be masked to prevent unsafe logging of potentially sensitive data
2023-07-20 17:21:27.982  INFO 8920 --- [http-nio-127.0.0.1-8080-exec-1] o.s.web.servlet.DispatcherServlet        : Completed initialization in 3 ms
2023-07-20 17:21:28.028 DEBUG 8920 --- [http-nio-127.0.0.1-8080-exec-1] o.s.w.f.CommonsRequestLoggingFilter      : Before request [POST /api/v1/auth/login, client=127.0.0.1, headers=[host:"localhost:8080", user-agent:"insomnia/2023.4.0", accept:"*/*", content-length:"42", Content-Type:"application/json;charset=ISO-8859-1"]]
2023-07-20 17:21:28.031 DEBUG 8920 --- [http-nio-127.0.0.1-8080-exec-1] o.s.web.servlet.DispatcherServlet        : POST "/api/v1/auth/login", parameters={}
2023-07-20 17:21:28.034 DEBUG 8920 --- [http-nio-127.0.0.1-8080-exec-1] s.w.s.m.m.a.RequestMappingHandlerMapping : Mapped to com.ssafy.catchpalm.api.controller.AuthController#login(UserLoginPostReq)
2023-07-20 17:21:28.095 DEBUG 8920 --- [http-nio-127.0.0.1-8080-exec-1] m.m.a.RequestResponseBodyMethodProcessor : Read "application/json;charset=UTF-8" to [com.ssafy.catchpalm.api.request.UserLoginPostReq@12cd1838]
2023-07-20 17:21:28.526 DEBUG 8920 --- [http-nio-127.0.0.1-8080-exec-1] o.s.w.s.m.m.a.HttpEntityMethodProcessor  : Using 'application/json', given [*/*] and supported [application/json, application/*+json, application/json, application/*+json]
2023-07-20 17:21:28.527 DEBUG 8920 --- [http-nio-127.0.0.1-8080-exec-1] o.s.w.s.m.m.a.HttpEntityMethodProcessor  : Writing [com.ssafy.catchpalm.api.response.UserLoginPostRes@4abbcf73]
2023-07-20 17:21:28.540 DEBUG 8920 --- [http-nio-127.0.0.1-8080-exec-1] o.s.web.servlet.DispatcherServlet        : Completed 200 OK
2023-07-20 17:21:28.541 DEBUG 8920 --- [http-nio-127.0.0.1-8080-exec-1] o.s.w.f.CommonsRequestLoggingFilter      : After request [POST /api/v1/auth/login, client=127.0.0.1, headers=[host:"localhost:8080", user-agent:"insomnia/2023.4.0", accept:"*/*", content-length:"42", Content-Type:"application/json;charset=UTF-8"], payload={
  "id": "ssafy",
  "password": "ssafy"
}]
2023-07-20 17:36:34.201 DEBUG 8920 --- [http-nio-127.0.0.1-8080-exec-8] o.s.w.f.CommonsRequestLoggingFilter      : Before request [POST /api/v1/auth/login, client=127.0.0.1, headers=[host:"localhost:8080", user-agent:"insomnia/2023.4.0", accept:"*/*", content-length:"42", Content-Type:"application/json;charset=ISO-8859-1"]]
2023-07-20 17:36:34.201 DEBUG 8920 --- [http-nio-127.0.0.1-8080-exec-8] o.s.web.servlet.DispatcherServlet        : POST "/api/v1/auth/login", parameters={}
2023-07-20 17:36:34.202 DEBUG 8920 --- [http-nio-127.0.0.1-8080-exec-8] s.w.s.m.m.a.RequestMappingHandlerMapping : Mapped to com.ssafy.catchpalm.api.controller.AuthController#login(UserLoginPostReq)
2023-07-20 17:36:34.203 DEBUG 8920 --- [http-nio-127.0.0.1-8080-exec-8] m.m.a.RequestResponseBodyMethodProcessor : Read "application/json;charset=UTF-8" to [com.ssafy.catchpalm.api.request.UserLoginPostReq@40bb8b43]
2023-07-20 17:36:34.281 DEBUG 8920 --- [http-nio-127.0.0.1-8080-exec-8] o.s.w.s.m.m.a.HttpEntityMethodProcessor  : Using 'application/json', given [*/*] and supported [application/json, application/*+json, application/json, application/*+json]
2023-07-20 17:36:34.281 DEBUG 8920 --- [http-nio-127.0.0.1-8080-exec-8] o.s.w.s.m.m.a.HttpEntityMethodProcessor  : Writing [com.ssafy.catchpalm.api.response.UserLoginPostRes@18bb609f]
2023-07-20 17:36:34.282 DEBUG 8920 --- [http-nio-127.0.0.1-8080-exec-8] o.s.web.servlet.DispatcherServlet        : Completed 200 OK
2023-07-20 17:36:34.283 DEBUG 8920 --- [http-nio-127.0.0.1-8080-exec-8] o.s.w.f.CommonsRequestLoggingFilter      : After request [POST /api/v1/auth/login, client=127.0.0.1, headers=[host:"localhost:8080", user-agent:"insomnia/2023.4.0", accept:"*/*", content-length:"42", Content-Type:"application/json;charset=UTF-8"], payload={
  "id": "ssafy",
  "password": "ssafy"
}]
2023-07-20 17:36:34.924 DEBUG 8920 --- [http-nio-127.0.0.1-8080-exec-9] o.s.w.f.CommonsRequestLoggingFilter      : Before request [POST /api/v1/auth/login, client=127.0.0.1, headers=[host:"localhost:8080", user-agent:"insomnia/2023.4.0", accept:"*/*", content-length:"42", Content-Type:"application/json;charset=ISO-8859-1"]]
2023-07-20 17:36:34.924 DEBUG 8920 --- [http-nio-127.0.0.1-8080-exec-9] o.s.web.servlet.DispatcherServlet        : POST "/api/v1/auth/login", parameters={}
2023-07-20 17:36:34.925 DEBUG 8920 --- [http-nio-127.0.0.1-8080-exec-9] s.w.s.m.m.a.RequestMappingHandlerMapping : Mapped to com.ssafy.catchpalm.api.controller.AuthController#login(UserLoginPostReq)
2023-07-20 17:36:34.925 DEBUG 8920 --- [http-nio-127.0.0.1-8080-exec-9] m.m.a.RequestResponseBodyMethodProcessor : Read "application/json;charset=UTF-8" to [com.ssafy.catchpalm.api.request.UserLoginPostReq@7dfed21c]
2023-07-20 17:36:34.992 DEBUG 8920 --- [http-nio-127.0.0.1-8080-exec-9] o.s.w.s.m.m.a.HttpEntityMethodProcessor  : Using 'application/json', given [*/*] and supported [application/json, application/*+json, application/json, application/*+json]
2023-07-20 17:36:34.992 DEBUG 8920 --- [http-nio-127.0.0.1-8080-exec-9] o.s.w.s.m.m.a.HttpEntityMethodProcessor  : Writing [com.ssafy.catchpalm.api.response.UserLoginPostRes@1157cd84]
2023-07-20 17:36:34.993 DEBUG 8920 --- [http-nio-127.0.0.1-8080-exec-9] o.s.web.servlet.DispatcherServlet        : Completed 200 OK
2023-07-20 17:36:34.994 DEBUG 8920 --- [http-nio-127.0.0.1-8080-exec-9] o.s.w.f.CommonsRequestLoggingFilter      : After request [POST /api/v1/auth/login, client=127.0.0.1, headers=[host:"localhost:8080", user-agent:"insomnia/2023.4.0", accept:"*/*", content-length:"42", Content-Type:"application/json;charset=UTF-8"], payload={
  "id": "ssafy",
  "password": "ssafy"
}]
2023-07-20 17:37:25.542  INFO 19416 --- [restartedMain] c.ssafy.catchpalm.CatchpalmApplication   : Starting CatchpalmApplication using Java 1.8.0_372 on DESKTOP-BLHP263 with PID 19416 (C:\ssafy\workspace\Common_Project_2\catchpalm\back-end\build\classes\java\main started by SSAFY in C:\ssafy\workspace\Common_Project_2\catchpalm\back-end)
2023-07-20 17:37:25.545  INFO 19416 --- [restartedMain] c.ssafy.catchpalm.CatchpalmApplication   : No active profile set, falling back to default profiles: default
2023-07-20 17:37:25.599  INFO 19416 --- [restartedMain] .e.DevToolsPropertyDefaultsPostProcessor : Devtools property defaults active! Set 'spring.devtools.add-properties' to 'false' to disable
2023-07-20 17:37:25.599  INFO 19416 --- [restartedMain] .e.DevToolsPropertyDefaultsPostProcessor : For additional web related logging consider setting the 'logging.level.web' property to 'DEBUG'
2023-07-20 17:37:26.957  INFO 19416 --- [restartedMain] .s.d.r.c.RepositoryConfigurationDelegate : Bootstrapping Spring Data JPA repositories in DEFAULT mode.
2023-07-20 17:37:27.037  INFO 19416 --- [restartedMain] .s.d.r.c.RepositoryConfigurationDelegate : Finished Spring Data repository scanning in 71 ms. Found 1 JPA repository interfaces.
2023-07-20 17:37:27.434  INFO 19416 --- [restartedMain] trationDelegate$BeanPostProcessorChecker : Bean 'org.springframework.security.access.expression.method.DefaultMethodSecurityExpressionHandler@32dfd34a' of type [org.springframework.security.access.expression.method.DefaultMethodSecurityExpressionHandler] is not eligible for getting processed by all BeanPostProcessors (for example: not eligible for auto-proxying)
2023-07-20 17:37:27.442  INFO 19416 --- [restartedMain] trationDelegate$BeanPostProcessorChecker : Bean 'methodSecurityMetadataSource' of type [org.springframework.security.access.method.DelegatingMethodSecurityMetadataSource] is not eligible for getting processed by all BeanPostProcessors (for example: not eligible for auto-proxying)
2023-07-20 17:37:28.122  INFO 19416 --- [restartedMain] o.s.b.w.embedded.tomcat.TomcatWebServer  : Tomcat initialized with port(s): 8080 (http)
2023-07-20 17:37:28.137  INFO 19416 --- [restartedMain] o.apache.catalina.core.StandardService   : Starting service [Tomcat]
2023-07-20 17:37:28.137  INFO 19416 --- [restartedMain] org.apache.catalina.core.StandardEngine  : Starting Servlet engine: [Apache Tomcat/9.0.45]
2023-07-20 17:37:28.274  INFO 19416 --- [restartedMain] o.a.c.c.C.[Tomcat].[localhost].[/]       : Initializing Spring embedded WebApplicationContext
2023-07-20 17:37:28.274  INFO 19416 --- [restartedMain] w.s.c.ServletWebServerApplicationContext : Root WebApplicationContext: initialization completed in 2674 ms
2023-07-20 17:37:28.497 DEBUG 19416 --- [restartedMain] o.s.web.filter.CharacterEncodingFilter   : Filter 'characterEncodingFilter' configured for use
2023-07-20 17:37:28.498 DEBUG 19416 --- [restartedMain] o.s.w.f.CommonsRequestLoggingFilter      : Filter 'commonsRequestLoggingFilter' configured for use
2023-07-20 17:37:28.691  INFO 19416 --- [restartedMain] o.hibernate.jpa.internal.util.LogHelper  : HHH000204: Processing PersistenceUnitInfo [name: default]
2023-07-20 17:37:28.769  INFO 19416 --- [restartedMain] org.hibernate.Version                    : HHH000412: Hibernate ORM core version 5.4.30.Final
2023-07-20 17:37:28.960  INFO 19416 --- [restartedMain] o.hibernate.annotations.common.Version   : HCANN000001: Hibernate Commons Annotations {5.1.2.Final}
2023-07-20 17:37:29.110  INFO 19416 --- [restartedMain] com.zaxxer.hikari.HikariDataSource       : HikariPool-1 - Starting...
2023-07-20 17:37:29.455  INFO 19416 --- [restartedMain] com.zaxxer.hikari.HikariDataSource       : HikariPool-1 - Start completed.
2023-07-20 17:37:29.478  INFO 19416 --- [restartedMain] org.hibernate.dialect.Dialect            : HHH000400: Using dialect: org.hibernate.dialect.MySQL57Dialect
2023-07-20 17:37:30.373  INFO 19416 --- [restartedMain] o.h.e.t.j.p.i.JtaPlatformInitiator       : HHH000490: Using JtaPlatform implementation: [org.hibernate.engine.transaction.jta.platform.internal.NoJtaPlatform]
2023-07-20 17:37:30.384  INFO 19416 --- [restartedMain] j.LocalContainerEntityManagerFactoryBean : Initialized JPA EntityManagerFactory for persistence unit 'default'
2023-07-20 17:37:30.401  INFO 19416 --- [restartedMain] o.s.b.d.a.OptionalLiveReloadServer       : LiveReload server is running on port 35729
2023-07-20 17:37:31.122  WARN 19416 --- [restartedMain] JpaBaseConfiguration$JpaWebConfiguration : spring.jpa.open-in-view is enabled by default. Therefore, database queries may be performed during view rendering. Explicitly configure spring.jpa.open-in-view to disable this warning
2023-07-20 17:37:31.496 DEBUG 19416 --- [restartedMain] s.w.s.m.m.a.RequestMappingHandlerMapping : 11 mappings in 'requestMappingHandlerMapping'
2023-07-20 17:37:31.584  INFO 19416 --- [restartedMain] o.s.b.a.e.web.EndpointLinksResolver      : Exposing 2 endpoint(s) beneath base path '/actuator'
2023-07-20 17:37:31.844  INFO 19416 --- [restartedMain] o.s.s.web.DefaultSecurityFilterChain     : Will secure any request with [org.springframework.security.web.context.request.async.WebAsyncManagerIntegrationFilter@7ad37713, org.springframework.security.web.context.SecurityContextPersistenceFilter@3cc500a5, org.springframework.security.web.header.HeaderWriterFilter@2f798997, org.springframework.web.filter.CorsFilter@12fd560b, org.springframework.security.web.authentication.logout.LogoutFilter@7e701cbb, com.ssafy.catchpalm.common.auth.JwtAuthenticationFilter@19e79ac3, org.springframework.security.web.savedrequest.RequestCacheAwareFilter@b0501a9, org.springframework.security.web.servletapi.SecurityContextHolderAwareRequestFilter@74c5048b, org.springframework.security.web.authentication.AnonymousAuthenticationFilter@45d7208e, org.springframework.security.web.session.SessionManagementFilter@48a33dbf, org.springframework.security.web.access.ExceptionTranslationFilter@53b2e32d, org.springframework.security.web.access.intercept.FilterSecurityInterceptor@542b00b3]
2023-07-20 17:37:31.936  INFO 19416 --- [restartedMain] o.s.s.concurrent.ThreadPoolTaskExecutor  : Initializing ExecutorService 'applicationTaskExecutor'
2023-07-20 17:37:31.951 DEBUG 19416 --- [restartedMain] s.w.s.m.m.a.RequestMappingHandlerAdapter : ControllerAdvice beans: 0 @ModelAttribute, 0 @InitBinder, 1 RequestBodyAdvice, 1 ResponseBodyAdvice
2023-07-20 17:37:31.989  INFO 19416 --- [restartedMain] o.s.b.a.w.s.WelcomePageHandlerMapping    : Adding welcome page: class path resource [dist/index.html]
2023-07-20 17:37:32.005 DEBUG 19416 --- [restartedMain] o.s.w.s.handler.SimpleUrlHandlerMapping  : Patterns [/swagger-ui/] in 'viewControllerHandlerMapping'
2023-07-20 17:37:32.016 DEBUG 19416 --- [restartedMain] o.s.w.s.c.annotation.WebMvcConfigurer    : Default resource handling disabled
2023-07-20 17:37:32.317 DEBUG 19416 --- [restartedMain] o.s.w.s.handler.SimpleUrlHandlerMapping  : Patterns [/resources/**, /swagger-ui.html, /webjars/**, /css/**, /fonts/**, /icons/**, /img/**, /js/**, /swagger-ui/**] in 'resourceHandlerMapping'
2023-07-20 17:37:32.326 DEBUG 19416 --- [restartedMain] .m.m.a.ExceptionHandlerExceptionResolver : ControllerAdvice beans: 1 @ExceptionHandler, 1 ResponseBodyAdvice
2023-07-20 17:37:32.582  INFO 19416 --- [restartedMain] o.s.b.w.embedded.tomcat.TomcatWebServer  : Tomcat started on port(s): 8080 (http) with context path ''
2023-07-20 17:37:32.824  INFO 19416 --- [restartedMain] c.ssafy.catchpalm.CatchpalmApplication   : Started CatchpalmApplication in 7.772 seconds (JVM running for 8.42)
2023-07-20 17:37:39.829  INFO 19416 --- [http-nio-127.0.0.1-8080-exec-1] o.a.c.c.C.[Tomcat].[localhost].[/]       : Initializing Spring DispatcherServlet 'dispatcherServlet'
2023-07-20 17:37:39.830  INFO 19416 --- [http-nio-127.0.0.1-8080-exec-1] o.s.web.servlet.DispatcherServlet        : Initializing Servlet 'dispatcherServlet'
2023-07-20 17:37:39.830 DEBUG 19416 --- [http-nio-127.0.0.1-8080-exec-1] o.s.web.servlet.DispatcherServlet        : Detected StandardServletMultipartResolver
2023-07-20 17:37:39.830 DEBUG 19416 --- [http-nio-127.0.0.1-8080-exec-1] o.s.web.servlet.DispatcherServlet        : Detected AcceptHeaderLocaleResolver
2023-07-20 17:37:39.830 DEBUG 19416 --- [http-nio-127.0.0.1-8080-exec-1] o.s.web.servlet.DispatcherServlet        : Detected FixedThemeResolver
2023-07-20 17:37:39.831 DEBUG 19416 --- [http-nio-127.0.0.1-8080-exec-1] o.s.web.servlet.DispatcherServlet        : Detected org.springframework.web.servlet.view.DefaultRequestToViewNameTranslator@3b831bd5
2023-07-20 17:37:39.832 DEBUG 19416 --- [http-nio-127.0.0.1-8080-exec-1] o.s.web.servlet.DispatcherServlet        : Detected org.springframework.web.servlet.support.SessionFlashMapManager@1fbfb364
2023-07-20 17:37:39.832 DEBUG 19416 --- [http-nio-127.0.0.1-8080-exec-1] o.s.web.servlet.DispatcherServlet        : enableLoggingRequestDetails='false': request parameters and headers will be masked to prevent unsafe logging of potentially sensitive data
2023-07-20 17:37:39.832  INFO 19416 --- [http-nio-127.0.0.1-8080-exec-1] o.s.web.servlet.DispatcherServlet        : Completed initialization in 2 ms
2023-07-20 17:37:39.876 DEBUG 19416 --- [http-nio-127.0.0.1-8080-exec-1] o.s.w.f.CommonsRequestLoggingFilter      : Before request [POST /api/v1/auth/login, client=127.0.0.1, headers=[host:"localhost:8080", user-agent:"insomnia/2023.4.0", accept:"*/*", content-length:"42", Content-Type:"application/json;charset=ISO-8859-1"]]
2023-07-20 17:37:39.878 DEBUG 19416 --- [http-nio-127.0.0.1-8080-exec-1] o.s.web.servlet.DispatcherServlet        : POST "/api/v1/auth/login", parameters={}
2023-07-20 17:37:39.880 DEBUG 19416 --- [http-nio-127.0.0.1-8080-exec-1] s.w.s.m.m.a.RequestMappingHandlerMapping : Mapped to com.ssafy.catchpalm.api.controller.AuthController#login(UserLoginPostReq)
2023-07-20 17:37:39.939 DEBUG 19416 --- [http-nio-127.0.0.1-8080-exec-1] m.m.a.RequestResponseBodyMethodProcessor : Read "application/json;charset=UTF-8" to [com.ssafy.catchpalm.api.request.UserLoginPostReq@597caafd]
2023-07-20 17:37:40.375 DEBUG 19416 --- [http-nio-127.0.0.1-8080-exec-1] o.s.w.s.m.m.a.HttpEntityMethodProcessor  : Using 'application/json', given [*/*] and supported [application/json, application/*+json, application/json, application/*+json]
2023-07-20 17:37:40.375 DEBUG 19416 --- [http-nio-127.0.0.1-8080-exec-1] o.s.w.s.m.m.a.HttpEntityMethodProcessor  : Writing [com.ssafy.catchpalm.api.response.UserLoginPostRes@335f7cd]
2023-07-20 17:37:40.388 DEBUG 19416 --- [http-nio-127.0.0.1-8080-exec-1] o.s.web.servlet.DispatcherServlet        : Completed 200 OK
2023-07-20 17:37:40.389 DEBUG 19416 --- [http-nio-127.0.0.1-8080-exec-1] o.s.w.f.CommonsRequestLoggingFilter      : After request [POST /api/v1/auth/login, client=127.0.0.1, headers=[host:"localhost:8080", user-agent:"insomnia/2023.4.0", accept:"*/*", content-length:"42", Content-Type:"application/json;charset=UTF-8"], payload={
  "id": "ssafy",
  "password": "ssafy"
}]
2023-07-20 17:38:21.699 DEBUG 19416 --- [http-nio-127.0.0.1-8080-exec-2] o.s.w.f.CommonsRequestLoggingFilter      : Before request [POST /api/v1/auth/login, client=127.0.0.1, headers=[host:"localhost:8080", user-agent:"insomnia/2023.4.0", accept:"*/*", content-length:"42", Content-Type:"application/json;charset=ISO-8859-1"]]
2023-07-20 17:38:21.699 DEBUG 19416 --- [http-nio-127.0.0.1-8080-exec-2] o.s.web.servlet.DispatcherServlet        : POST "/api/v1/auth/login", parameters={}
2023-07-20 17:38:21.700 DEBUG 19416 --- [http-nio-127.0.0.1-8080-exec-2] s.w.s.m.m.a.RequestMappingHandlerMapping : Mapped to com.ssafy.catchpalm.api.controller.AuthController#login(UserLoginPostReq)
2023-07-20 17:38:21.700 DEBUG 19416 --- [http-nio-127.0.0.1-8080-exec-2] m.m.a.RequestResponseBodyMethodProcessor : Read "application/json;charset=UTF-8" to [com.ssafy.catchpalm.api.request.UserLoginPostReq@349d99e7]
2023-07-20 17:38:21.780 DEBUG 19416 --- [http-nio-127.0.0.1-8080-exec-2] o.s.w.s.m.m.a.HttpEntityMethodProcessor  : Using 'application/json', given [*/*] and supported [application/json, application/*+json, application/json, application/*+json]
2023-07-20 17:38:21.780 DEBUG 19416 --- [http-nio-127.0.0.1-8080-exec-2] o.s.w.s.m.m.a.HttpEntityMethodProcessor  : Writing [com.ssafy.catchpalm.api.response.UserLoginPostRes@5c7eb6bf]
2023-07-20 17:38:21.781 DEBUG 19416 --- [http-nio-127.0.0.1-8080-exec-2] o.s.web.servlet.DispatcherServlet        : Completed 200 OK
2023-07-20 17:38:21.781 DEBUG 19416 --- [http-nio-127.0.0.1-8080-exec-2] o.s.w.f.CommonsRequestLoggingFilter      : After request [POST /api/v1/auth/login, client=127.0.0.1, headers=[host:"localhost:8080", user-agent:"insomnia/2023.4.0", accept:"*/*", content-length:"42", Content-Type:"application/json;charset=UTF-8"], payload={
  "id": "ssafy",
  "password": "ssafy"
}]
2023-07-20 17:38:41.065  INFO 23188 --- [restartedMain] c.ssafy.catchpalm.CatchpalmApplication   : Starting CatchpalmApplication using Java 1.8.0_372 on DESKTOP-BLHP263 with PID 23188 (C:\ssafy\workspace\Common_Project_2\catchpalm\back-end\build\classes\java\main started by SSAFY in C:\ssafy\workspace\Common_Project_2\catchpalm\back-end)
2023-07-20 17:38:41.068  INFO 23188 --- [restartedMain] c.ssafy.catchpalm.CatchpalmApplication   : No active profile set, falling back to default profiles: default
2023-07-20 17:38:41.118  INFO 23188 --- [restartedMain] .e.DevToolsPropertyDefaultsPostProcessor : Devtools property defaults active! Set 'spring.devtools.add-properties' to 'false' to disable
2023-07-20 17:38:41.118  INFO 23188 --- [restartedMain] .e.DevToolsPropertyDefaultsPostProcessor : For additional web related logging consider setting the 'logging.level.web' property to 'DEBUG'
2023-07-20 17:38:42.466  INFO 23188 --- [restartedMain] .s.d.r.c.RepositoryConfigurationDelegate : Bootstrapping Spring Data JPA repositories in DEFAULT mode.
2023-07-20 17:38:42.541  INFO 23188 --- [restartedMain] .s.d.r.c.RepositoryConfigurationDelegate : Finished Spring Data repository scanning in 65 ms. Found 1 JPA repository interfaces.
2023-07-20 17:38:42.932  INFO 23188 --- [restartedMain] trationDelegate$BeanPostProcessorChecker : Bean 'org.springframework.security.access.expression.method.DefaultMethodSecurityExpressionHandler@3401fc6f' of type [org.springframework.security.access.expression.method.DefaultMethodSecurityExpressionHandler] is not eligible for getting processed by all BeanPostProcessors (for example: not eligible for auto-proxying)
2023-07-20 17:38:42.937  INFO 23188 --- [restartedMain] trationDelegate$BeanPostProcessorChecker : Bean 'methodSecurityMetadataSource' of type [org.springframework.security.access.method.DelegatingMethodSecurityMetadataSource] is not eligible for getting processed by all BeanPostProcessors (for example: not eligible for auto-proxying)
2023-07-20 17:38:43.593  INFO 23188 --- [restartedMain] o.s.b.w.embedded.tomcat.TomcatWebServer  : Tomcat initialized with port(s): 8080 (http)
2023-07-20 17:38:43.605  INFO 23188 --- [restartedMain] o.apache.catalina.core.StandardService   : Starting service [Tomcat]
2023-07-20 17:38:43.605  INFO 23188 --- [restartedMain] org.apache.catalina.core.StandardEngine  : Starting Servlet engine: [Apache Tomcat/9.0.45]
2023-07-20 17:38:43.740  INFO 23188 --- [restartedMain] o.a.c.c.C.[Tomcat].[localhost].[/]       : Initializing Spring embedded WebApplicationContext
2023-07-20 17:38:43.740  INFO 23188 --- [restartedMain] w.s.c.ServletWebServerApplicationContext : Root WebApplicationContext: initialization completed in 2621 ms
2023-07-20 17:38:43.969 DEBUG 23188 --- [restartedMain] o.s.web.filter.CharacterEncodingFilter   : Filter 'characterEncodingFilter' configured for use
2023-07-20 17:38:43.970 DEBUG 23188 --- [restartedMain] o.s.w.f.CommonsRequestLoggingFilter      : Filter 'commonsRequestLoggingFilter' configured for use
2023-07-20 17:38:44.177  INFO 23188 --- [restartedMain] o.hibernate.jpa.internal.util.LogHelper  : HHH000204: Processing PersistenceUnitInfo [name: default]
2023-07-20 17:38:44.248  INFO 23188 --- [restartedMain] org.hibernate.Version                    : HHH000412: Hibernate ORM core version 5.4.30.Final
2023-07-20 17:38:44.450  INFO 23188 --- [restartedMain] o.hibernate.annotations.common.Version   : HCANN000001: Hibernate Commons Annotations {5.1.2.Final}
2023-07-20 17:38:44.584  INFO 23188 --- [restartedMain] com.zaxxer.hikari.HikariDataSource       : HikariPool-1 - Starting...
2023-07-20 17:38:44.893  INFO 23188 --- [restartedMain] com.zaxxer.hikari.HikariDataSource       : HikariPool-1 - Start completed.
2023-07-20 17:38:44.917  INFO 23188 --- [restartedMain] org.hibernate.dialect.Dialect            : HHH000400: Using dialect: org.hibernate.dialect.MySQL57Dialect
2023-07-20 17:38:45.834  INFO 23188 --- [restartedMain] o.h.e.t.j.p.i.JtaPlatformInitiator       : HHH000490: Using JtaPlatform implementation: [org.hibernate.engine.transaction.jta.platform.internal.NoJtaPlatform]
2023-07-20 17:38:45.846  INFO 23188 --- [restartedMain] j.LocalContainerEntityManagerFactoryBean : Initialized JPA EntityManagerFactory for persistence unit 'default'
2023-07-20 17:38:45.863  INFO 23188 --- [restartedMain] o.s.b.d.a.OptionalLiveReloadServer       : LiveReload server is running on port 35729
2023-07-20 17:38:46.574  WARN 23188 --- [restartedMain] JpaBaseConfiguration$JpaWebConfiguration : spring.jpa.open-in-view is enabled by default. Therefore, database queries may be performed during view rendering. Explicitly configure spring.jpa.open-in-view to disable this warning
2023-07-20 17:38:46.934 DEBUG 23188 --- [restartedMain] s.w.s.m.m.a.RequestMappingHandlerMapping : 11 mappings in 'requestMappingHandlerMapping'
2023-07-20 17:38:47.030  INFO 23188 --- [restartedMain] o.s.b.a.e.web.EndpointLinksResolver      : Exposing 2 endpoint(s) beneath base path '/actuator'
2023-07-20 17:38:47.290  INFO 23188 --- [restartedMain] o.s.s.web.DefaultSecurityFilterChain     : Will secure any request with [org.springframework.security.web.context.request.async.WebAsyncManagerIntegrationFilter@72c3ffb4, org.springframework.security.web.context.SecurityContextPersistenceFilter@6e776aef, org.springframework.security.web.header.HeaderWriterFilter@397587f, org.springframework.web.filter.CorsFilter@45e5833b, org.springframework.security.web.authentication.logout.LogoutFilter@63b37ddd, com.ssafy.catchpalm.common.auth.JwtAuthenticationFilter@561715fb, org.springframework.security.web.savedrequest.RequestCacheAwareFilter@4fa57706, org.springframework.security.web.servletapi.SecurityContextHolderAwareRequestFilter@45a4ac6a, org.springframework.security.web.authentication.AnonymousAuthenticationFilter@7177ce96, org.springframework.security.web.session.SessionManagementFilter@3a53cb27, org.springframework.security.web.access.ExceptionTranslationFilter@57b64383, org.springframework.security.web.access.intercept.FilterSecurityInterceptor@1ead6c9]
2023-07-20 17:38:47.381  INFO 23188 --- [restartedMain] o.s.s.concurrent.ThreadPoolTaskExecutor  : Initializing ExecutorService 'applicationTaskExecutor'
2023-07-20 17:38:47.393 DEBUG 23188 --- [restartedMain] s.w.s.m.m.a.RequestMappingHandlerAdapter : ControllerAdvice beans: 0 @ModelAttribute, 0 @InitBinder, 1 RequestBodyAdvice, 1 ResponseBodyAdvice
2023-07-20 17:38:47.429  INFO 23188 --- [restartedMain] o.s.b.a.w.s.WelcomePageHandlerMapping    : Adding welcome page: class path resource [dist/index.html]
2023-07-20 17:38:47.444 DEBUG 23188 --- [restartedMain] o.s.w.s.handler.SimpleUrlHandlerMapping  : Patterns [/swagger-ui/] in 'viewControllerHandlerMapping'
2023-07-20 17:38:47.457 DEBUG 23188 --- [restartedMain] o.s.w.s.c.annotation.WebMvcConfigurer    : Default resource handling disabled
2023-07-20 17:38:47.794 DEBUG 23188 --- [restartedMain] o.s.w.s.handler.SimpleUrlHandlerMapping  : Patterns [/resources/**, /swagger-ui.html, /webjars/**, /css/**, /fonts/**, /icons/**, /img/**, /js/**, /swagger-ui/**] in 'resourceHandlerMapping'
2023-07-20 17:38:47.803 DEBUG 23188 --- [restartedMain] .m.m.a.ExceptionHandlerExceptionResolver : ControllerAdvice beans: 1 @ExceptionHandler, 1 ResponseBodyAdvice
2023-07-20 17:38:48.080  INFO 23188 --- [restartedMain] o.s.b.w.embedded.tomcat.TomcatWebServer  : Tomcat started on port(s): 8080 (http) with context path ''
2023-07-20 17:38:48.339  INFO 23188 --- [restartedMain] c.ssafy.catchpalm.CatchpalmApplication   : Started CatchpalmApplication in 7.729 seconds (JVM running for 8.394)
2023-07-20 17:39:56.332  INFO 23188 --- [http-nio-127.0.0.1-8080-exec-1] o.a.c.c.C.[Tomcat].[localhost].[/]       : Initializing Spring DispatcherServlet 'dispatcherServlet'
2023-07-20 17:39:56.332  INFO 23188 --- [http-nio-127.0.0.1-8080-exec-1] o.s.web.servlet.DispatcherServlet        : Initializing Servlet 'dispatcherServlet'
2023-07-20 17:39:56.332 DEBUG 23188 --- [http-nio-127.0.0.1-8080-exec-1] o.s.web.servlet.DispatcherServlet        : Detected StandardServletMultipartResolver
2023-07-20 17:39:56.333 DEBUG 23188 --- [http-nio-127.0.0.1-8080-exec-1] o.s.web.servlet.DispatcherServlet        : Detected AcceptHeaderLocaleResolver
2023-07-20 17:39:56.333 DEBUG 23188 --- [http-nio-127.0.0.1-8080-exec-1] o.s.web.servlet.DispatcherServlet        : Detected FixedThemeResolver
2023-07-20 17:39:56.334 DEBUG 23188 --- [http-nio-127.0.0.1-8080-exec-1] o.s.web.servlet.DispatcherServlet        : Detected org.springframework.web.servlet.view.DefaultRequestToViewNameTranslator@619cd9e4
2023-07-20 17:39:56.335 DEBUG 23188 --- [http-nio-127.0.0.1-8080-exec-1] o.s.web.servlet.DispatcherServlet        : Detected org.springframework.web.servlet.support.SessionFlashMapManager@748a77fa
2023-07-20 17:39:56.335 DEBUG 23188 --- [http-nio-127.0.0.1-8080-exec-1] o.s.web.servlet.DispatcherServlet        : enableLoggingRequestDetails='false': request parameters and headers will be masked to prevent unsafe logging of potentially sensitive data
2023-07-20 17:39:56.335  INFO 23188 --- [http-nio-127.0.0.1-8080-exec-1] o.s.web.servlet.DispatcherServlet        : Completed initialization in 3 ms
2023-07-20 17:39:56.371 DEBUG 23188 --- [http-nio-127.0.0.1-8080-exec-1] o.s.w.f.CommonsRequestLoggingFilter      : Before request [POST /api/v1/auth/login, client=127.0.0.1, headers=[host:"localhost:8080", user-agent:"insomnia/2023.4.0", accept:"*/*", content-length:"42", Content-Type:"application/json;charset=ISO-8859-1"]]
2023-07-20 17:39:56.373 DEBUG 23188 --- [http-nio-127.0.0.1-8080-exec-1] o.s.web.servlet.DispatcherServlet        : POST "/api/v1/auth/login", parameters={}
2023-07-20 17:39:56.375 DEBUG 23188 --- [http-nio-127.0.0.1-8080-exec-1] s.w.s.m.m.a.RequestMappingHandlerMapping : Mapped to com.ssafy.catchpalm.api.controller.AuthController#login(UserLoginPostReq)
2023-07-20 17:39:56.428 DEBUG 23188 --- [http-nio-127.0.0.1-8080-exec-1] m.m.a.RequestResponseBodyMethodProcessor : Read "application/json;charset=UTF-8" to [com.ssafy.catchpalm.api.request.UserLoginPostReq@3c2f154a]
2023-07-20 17:39:56.842 DEBUG 23188 --- [http-nio-127.0.0.1-8080-exec-1] o.s.w.s.m.m.a.HttpEntityMethodProcessor  : Using 'application/json', given [*/*] and supported [application/json, application/*+json, application/json, application/*+json]
2023-07-20 17:39:56.843 DEBUG 23188 --- [http-nio-127.0.0.1-8080-exec-1] o.s.w.s.m.m.a.HttpEntityMethodProcessor  : Writing [com.ssafy.catchpalm.api.response.UserLoginPostRes@2272cb67]
2023-07-20 17:39:56.855 DEBUG 23188 --- [http-nio-127.0.0.1-8080-exec-1] o.s.web.servlet.DispatcherServlet        : Completed 200 OK
2023-07-20 17:39:56.856 DEBUG 23188 --- [http-nio-127.0.0.1-8080-exec-1] o.s.w.f.CommonsRequestLoggingFilter      : After request [POST /api/v1/auth/login, client=127.0.0.1, headers=[host:"localhost:8080", user-agent:"insomnia/2023.4.0", accept:"*/*", content-length:"42", Content-Type:"application/json;charset=UTF-8"], payload={
  "id": "ssafy",
  "password": "ssafy"
}]
